QGtkStyle could not resolve GTK. Make sure you have installed the proper libraries.
Loading login profiles.. 
Profile Name:  "no login" , data:  "" 
Profile Name:  "manual" , data:  "" 
bool License::tryLicense() "180A4995PXGS9NFT9MP3N0227" 
Validating license...
void License::handleLicenseValidationCompleted() 
PulseAudio available: 1
ALSA lib conf.c:3314:(snd_config_hooks_call) Cannot open shared library libasound_module_conf_pulse.so
ALSA lib control.c:953:(snd_ctl_open_noupdate) Invalid CTL hw:0
Mixer construct for card 0 failed: Cannot open mixer device for card 0: snd_mixer_attach failed
starting api message service
void InitPhone::started()
void MainWindow::handleNewConversationAllowed(bool)  allowed:   no , ncalls:  0 
void MainWindow::initModels()
void ContactsModel::handleTreeChanged() 
void HistoryModel::rebuildCallHistory() 
HISTORY ITEMS:  0 
void HistoryModel::rebuildCallHistory() 
HISTORY ITEMS:  50 
void ContactsModel::handleTreeChanged() 
void HistoryModel::rebuildCallHistory() 
HISTORY ITEMS:  50 
void ContactsModel::handleTreeChanged() 
void HistoryModel::rebuildCallHistory() 
HISTORY ITEMS:  50 
void ContactsModel::handleTreeChanged() 
void HistoryModel::rebuildCallHistory() 
HISTORY ITEMS:  50 
void MainWindow::handleCallAvailabilityChanged()  conversation service is  available 
void MainWindow::handleNewConversationAllowed(bool)  allowed:   yes , ncalls:  0 
void MainWindow::handleNewConversationAllowed(bool)  allowed:   yes , ncalls:  0 
void MainWindow::handleNewConversationAllowed(bool)  allowed:   yes , ncalls:  0 
QGtkStyle could not resolve GTK. Make sure you have installed the proper libraries.
Loading login profiles.. 
Profile Name:  "no login" , data:  "" 
Profile Name:  "manual" , data:  "" 
bool License::tryLicense() "180A4995PXGS9NFT9MP3N0227" 
Validating license...
void License::handleLicenseValidationCompleted() 
PulseAudio available: 1
ALSA lib conf.c:3314:(snd_config_hooks_call) Cannot open shared library libasound_module_conf_pulse.so
ALSA lib control.c:953:(snd_ctl_open_noupdate) Invalid CTL hw:0
Mixer construct for card 0 failed: Cannot open mixer device for card 0: snd_mixer_attach failed
starting api message service
void InitPhone::started()
void MainWindow::handleNewConversationAllowed(bool)  allowed:   no , ncalls:  0 
void MainWindow::initModels()
void ContactsModel::handleTreeChanged() 
void HistoryModel::rebuildCallHistory() 
HISTORY ITEMS:  0 
void HistoryModel::rebuildCallHistory() 
HISTORY ITEMS:  50 
void ContactsModel::handleTreeChanged() 
void HistoryModel::rebuildCallHistory() 
HISTORY ITEMS:  50 
void ContactsModel::handleTreeChanged() 
void HistoryModel::rebuildCallHistory() 
HISTORY ITEMS:  50 
void ContactsModel::handleTreeChanged() 
void HistoryModel::rebuildCallHistory() 
HISTORY ITEMS:  50 
void MainWindow::handleCallAvailabilityChanged()  conversation service is  available 
void MainWindow::handleNewConversationAllowed(bool)  allowed:   yes , ncalls:  0 
void MainWindow::handleNewConversationAllowed(bool)  allowed:   yes , ncalls:  0 
void MainWindow::handleNewConversationAllowed(bool)  allowed:   yes , ncalls:  0 
QGtkStyle could not resolve GTK. Make sure you have installed the proper libraries.
Loading login profiles.. 
Profile Name:  "no login" , data:  "" 
Profile Name:  "manual" , data:  "" 
bool License::tryLicense() "180A4995PXGS9NFT9MP3N0227" 
Validating license...
void License::handleLicenseValidationCompleted() 
PulseAudio available: 1
ALSA lib conf.c:3314:(snd_config_hooks_call) Cannot open shared library libasound_module_conf_pulse.so
ALSA lib control.c:953:(snd_ctl_open_noupdate) Invalid CTL hw:0
Mixer construct for card 0 failed: Cannot open mixer device for card 0: snd_mixer_attach failed
starting api message service
void InitPhone::started()
void MainWindow::handleNewConversationAllowed(bool)  allowed:   no , ncalls:  0 
void MainWindow::initModels()
void ContactsModel::handleTreeChanged() 
void HistoryModel::rebuildCallHistory() 
HISTORY ITEMS:  0 
void HistoryModel::rebuildCallHistory() 
HISTORY ITEMS:  50 
void ContactsModel::handleTreeChanged() 
void HistoryModel::rebuildCallHistory() 
HISTORY ITEMS:  50 
void ContactsModel::handleTreeChanged() 
void HistoryModel::rebuildCallHistory() 
HISTORY ITEMS:  50 
void ContactsModel::handleTreeChanged() 
void HistoryModel::rebuildCallHistory() 
HISTORY ITEMS:  50 
void MainWindow::handleCallAvailabilityChanged()  conversation service is  available 
void MainWindow::handleNewConversationAllowed(bool)  allowed:   yes , ncalls:  0 
void MainWindow::handleNewConversationAllowed(bool)  allowed:   yes , ncalls:  0 
void MainWindow::handleNewConversationAllowed(bool)  allowed:   yes , ncalls:  0 
